<?xml version="1.0" encoding="UTF-8"?>
<!-- Generated by org.testng.reporters.JUnitReportReporter -->
<testsuite skipped="0" hostname="ip-172-31-78-27" name="test.testcase_2" tests="2" failures="0" timestamp="2021-06-19T04:58:59 UTC" time="0.006" errors="0">
  <testcase name="signuptest1" time="0.001" classname="test.testcase_2"/>
  <system-out/>
  <testcase name="signuptest" time="0.005" classname="test.testcase_2"/>
  <system-out/>
</testsuite> <!-- test.testcase_2 -->
