<?xml version="1.0" encoding="UTF-8"?>
<!-- Generated by org.testng.reporters.JUnitReportReporter -->
<testsuite skipped="0" hostname="ip-172-31-78-27" name="test2.testcase1" tests="1" failures="0" timestamp="2021-06-19T04:58:59 UTC" time="0.001" errors="0">
  <testcase name="Hometest" time="0.001" classname="test2.testcase1"/>
  <system-out/>
</testsuite> <!-- test2.testcase1 -->
