<?xml version="1.0" encoding="UTF-8"?>
<!-- Generated by org.testng.reporters.JUnitReportReporter -->
<testsuite skipped="0" hostname="ip-172-31-78-27" name="test.LoginWeb" tests="1" failures="0" timestamp="2021-06-20T05:55:04 UTC" time="3.333" errors="0">
  <testcase name="test" time="3.333" classname="test.LoginWeb"/>
  <system-out/>
</testsuite> <!-- test.LoginWeb -->
